<?xml version="1.0" encoding="UTF-8"?>
<testsuite name="edu.vt.ece.spin.MCSLockTest" tests="1" skipped="0" failures="0" errors="0" timestamp="2024-11-01T23:53:09" hostname="redbud.rlogin" time="0.014">
  <properties/>
  <testcase name="testParallel" classname="edu.vt.ece.spin.MCSLockTest" time="0.014"/>
  <system-out><![CDATA[]]></system-out>
  <system-err><![CDATA[]]></system-err>
</testsuite>
